socket server started on port 4002
Listening HTTP on port 3004
Delete  SocketId:pNubWnagS7Lj7EoKAAAB
requested_plain_url ==>    /User/EtiN5C.jpeg
multimedia[(multimedia.length - 1)]jpeg
required check ------------------------->  false
requested_plain_url ==>    /UserRole/getUserRoleToRight
required check ------------------------->  false
requested_plain_url ==>    /UserRole/getUserRole
required check ------------------------->  false
getUserRole sql ===> select ur.* from user_role as ur 
requested_plain_url ==>    /UserRole/getUserRight
required check ------------------------->  false
Delete  SocketId:4tE1PNqnKwtsRoVxAAAA
requested_plain_url ==>    /User/CUyzTB.jpeg
multimedia[(multimedia.length - 1)]jpeg
required check ------------------------->  false
requested_plain_url ==>    /Application/getPublisherAppHitCount
required check ------------------------->  false
getPublisherAppHitCount sql 
  select 
                        am.id,
                        am.name,
                        am.icon,
                        am.banner,
                        am.package,
                        (select count(request_id) from application_hit_count where request_id = am.id) as total_impression_count,
                        (select count(request_id) from application_hit_count where request_id = am.id and cast(create_date as date) = '2020-02-06') as today_impression_count,
                        (select count(id) from application_hit_count where app_id = am.id) as total_hit_count,
                        (select count(id) from application_hit_count where app_id = am.id and cast(create_date as date) = '2020-02-06') as today_hit_count
                    from application_master as am
                    where am.user_id = '19' 
                    group by am.id
                    order by am.name asc
requested_plain_url ==>    /UserRole/getUserRoleToRight
required check ------------------------->  false
requested_plain_url ==>    /Application/AbQyVA.jpeg
multimedia[(multimedia.length - 1)]jpeg
required check ------------------------->  false
requested_plain_url ==>    /Application/Fvq1WO.jpeg
multimedia[(multimedia.length - 1)]jpeg
required check ------------------------->  false
Delete  SocketId:KD9seoXD5BwbQUyPAAAC
requested_plain_url ==>    /User/EtiN5C.jpeg
multimedia[(multimedia.length - 1)]jpeg
required check ------------------------->  false
requested_plain_url ==>    /UserRole/getUserRoleToRight
required check ------------------------->  false
requested_plain_url ==>    /UserRole/getUserRole
required check ------------------------->  false
getUserRole sql ===> select ur.* from user_role as ur 
requested_plain_url ==>    /UserRole/getUserRight
required check ------------------------->  false
requested_plain_url ==>    /UserRole/getUserRoleToRight
required check ------------------------->  false
requested_plain_url ==>    /UserRole/registerUserRoleToRight
required check ------------------------->  false
						 
 new_right_updated brodcasted 
requested_plain_url ==>    /UserRole/getUserRoleToRight
required check ------------------------->  false
requested_plain_url ==>    /UserRole/getUserRoleToRight
required check ------------------------->  false
requested_plain_url ==>    /UserRole/registerUserRoleToRight
required check ------------------------->  false
						 
 new_right_updated brodcasted 
requested_plain_url ==>    /UserRole/getUserRoleToRight
required check ------------------------->  false
requested_plain_url ==>    /UserRole/getUserRoleToRight
required check ------------------------->  false
Delete  SocketId:Nx6OHwGI5tLa_ToFAAAD
requested_plain_url ==>    /User/CUyzTB.jpeg
multimedia[(multimedia.length - 1)]jpeg
required check ------------------------->  false
requested_plain_url ==>    /Application/getPublisherAppHitCount
required check ------------------------->  false
getPublisherAppHitCount sql 
  select 
                        am.id,
                        am.name,
                        am.icon,
                        am.banner,
                        am.package,
                        (select count(request_id) from application_hit_count where request_id = am.id) as total_impression_count,
                        (select count(request_id) from application_hit_count where request_id = am.id and cast(create_date as date) = '2020-02-06') as today_impression_count,
                        (select count(id) from application_hit_count where app_id = am.id) as total_hit_count,
                        (select count(id) from application_hit_count where app_id = am.id and cast(create_date as date) = '2020-02-06') as today_hit_count
                    from application_master as am
                    where am.user_id = '19' 
                    group by am.id
                    order by am.name asc
requested_plain_url ==>    /UserRole/getUserRoleToRight
required check ------------------------->  false
requested_plain_url ==>    /UserRole/registerUserRoleToRight
required check ------------------------->  false
						 
 new_right_updated brodcasted 
requested_plain_url ==>    /UserRole/getUserRoleToRight
required check ------------------------->  false
requested_plain_url ==>    /UserRole/getUserRoleToRight
required check ------------------------->  false
Delete  SocketId:Y2jh0XSQ45pGonYpAAAE
requested_plain_url ==>    /User/EtiN5C.jpeg
multimedia[(multimedia.length - 1)]jpeg
required check ------------------------->  false
requested_plain_url ==>    /UserRole/getUserRoleToRight
required check ------------------------->  false
requested_plain_url ==>    /UserRole/getUserRole
required check ------------------------->  false
getUserRole sql ===> select ur.* from user_role as ur 
requested_plain_url ==>    /UserRole/getUserRight
required check ------------------------->  false
Delete  SocketId:fgTSu8MsEDLsXgDtAAAG
requested_plain_url ==>    /User/EtiN5C.jpeg
multimedia[(multimedia.length - 1)]jpeg
required check ------------------------->  false
requested_plain_url ==>    /UserRole/getUserRoleToRight
required check ------------------------->  false
requested_plain_url ==>    /UserRole/getUserRole
required check ------------------------->  false
getUserRole sql ===> select ur.* from user_role as ur 
requested_plain_url ==>    /UserRole/getUserRight
required check ------------------------->  false
Delete  SocketId:IX_N18iLJZAwxdPiAAAH
requested_plain_url ==>    /User/EtiN5C.jpeg
multimedia[(multimedia.length - 1)]jpeg
required check ------------------------->  false
requested_plain_url ==>    /UserRole/getUserRoleToRight
required check ------------------------->  false
requested_plain_url ==>    /UserRole/getUserRole
required check ------------------------->  false
getUserRole sql ===> select ur.* from user_role as ur 
requested_plain_url ==>    /UserRole/getUserRight
required check ------------------------->  false
Delete  SocketId:TJYAWCf3iohMD-i9AAAI
requested_plain_url ==>    /User/EtiN5C.jpeg
multimedia[(multimedia.length - 1)]jpeg
required check ------------------------->  false
requested_plain_url ==>    /UserRole/getUserRoleToRight
required check ------------------------->  false
requested_plain_url ==>    /UserRole/getUserRole
required check ------------------------->  false
getUserRole sql ===> select ur.* from user_role as ur 
requested_plain_url ==>    /UserRole/getUserRight
required check ------------------------->  false
Delete  SocketId:oFiWTmT5jDUU_jZIAAAJ
requested_plain_url ==>    /User/EtiN5C.jpeg
multimedia[(multimedia.length - 1)]jpeg
required check ------------------------->  false
requested_plain_url ==>    /UserRole/getUserRole
required check ------------------------->  false
getUserRole sql ===> select ur.* from user_role as ur 
requested_plain_url ==>    /UserRole/getUserRight
required check ------------------------->  false
