socket server started on port 4002
Listening HTTP on port 3004
Delete  SocketId:M1e6EqaKNctPUwKQAAAA
requested_plain_url ==>    /User/EtiN5C.jpeg
multimedia[(multimedia.length - 1)]jpeg
required check ------------------------->  false
requested_plain_url ==>    /UserRole/getUserRoleToRight
required check ------------------------->  false
requested_plain_url ==>    /UserRole/getUserRole
required check ------------------------->  false
getUserRole sql ===> select ur.* from user_role as ur 
requested_plain_url ==>    /UserRole/getUserRight
required check ------------------------->  false
Delete  SocketId:LPBHV-i_HBrV5wEZAAAB
requested_plain_url ==>    /User/getAuthTokens
required check ------------------------->  false
getAuthTokens login  sql ---------------------> 
	  select 
                            um.*, 
                            ur.id as user_role_id, 
                            ur.name as user_role,
                            um.status 
                        from user_master as um  
                        left join user_role as ur on ur.id = um.user_role_id 
                        where BINARY um.username ='dixit20051998@gmail.com' or BINARY um.email_id ='dixit20051998@gmail.com' 
                        and BINARY um.user_group = 'publisher' group by um.id limit 1
expire in =>  5475  seconds
expire in =>  5475  seconds
requested_plain_url ==>    /Application/getPublisherAppHitCount
required check ------------------------->  false
getPublisherAppHitCount sql 
  select 
                        am.id,
                        am.name,
                        am.icon,
                        am.banner,
                        am.package,
                        (select count(request_id) from application_hit_count where request_id = am.id) as total_impression_count,
                        (select count(request_id) from application_hit_count where request_id = am.id and cast(create_date as date) = '2020-02-06') as today_impression_count,
                        (select count(id) from application_hit_count where app_id = am.id) as total_hit_count,
                        (select count(id) from application_hit_count where app_id = am.id and cast(create_date as date) = '2020-02-06') as today_hit_count
                    from application_master as am
                    where am.user_id = '19' 
                    group by am.id
                    order by am.name asc
requested_plain_url ==>    /User/currentUser
required check ------------------------->  false
currentUser sql ------------->  select 
                    um.*,
                    if(um.user_group = 'admin_staff', sm.id , null) as type_id,
                    2 as type,
                    null as parent_id,
                    ur.id as user_role_id,
                    ur.name as user_role
                from user_master as um 
                left join staff_master as sm on sm.id = um.user_group_id 
                left join user_role as ur on ur.id = um.user_role_id
                where um.id = 19 and um.status = 1 group by um.id
requested_plain_url ==>    /User/CUyzTB.jpeg
multimedia[(multimedia.length - 1)]jpeg
required check ------------------------->  false
requested_plain_url ==>    /UserRole/getUserRoleToRight
required check ------------------------->  false
requested_plain_url ==>    /UserRole/getUserRoleToRight
required check ------------------------->  false
requested_plain_url ==>    /UserRole/registerUserRoleToRight
required check ------------------------->  false
						 
 new_right_updated brodcasted 
requested_plain_url ==>    /UserRole/getUserRoleToRight
required check ------------------------->  false
requested_plain_url ==>    /UserRole/getUserRoleToRight
required check ------------------------->  false
